INFO:comtypes.client._code_cache:Could not import comtypes.gen, trying to create it.
INFO:comtypes.client._code_cache:Created comtypes.gen directory: 'C:\Users\troy_\Desktop\ReadFilesForBlind\mailreader\venv\Lib\site-packages\comtypes\gen'
INFO:comtypes.client._code_cache:Writing __init__.py file: 'C:\Users\troy_\Desktop\ReadFilesForBlind\mailreader\venv\Lib\site-packages\comtypes\gen\__init__.py'
INFO:comtypes.client._code_cache:Using writeable comtypes cache directory: 'C:\Users\troy_\Desktop\ReadFilesForBlind\mailreader\venv\Lib\site-packages\comtypes\gen'
INFO:comtypes.client._generate:Could not import comtypes.gen._C866CA3A_32F7_11D2_9602_00C04F8EE628_0_5_4: No module named 'comtypes.gen._C866CA3A_32F7_11D2_9602_00C04F8EE628_0_5_4'
INFO:comtypes.client._generate:# Generating comtypes.gen._C866CA3A_32F7_11D2_9602_00C04F8EE628_0_5_4
INFO:comtypes.client._generate:# Generating comtypes.gen.SpeechLib
INFO:comtypes.client._generate:Could not import comtypes.gen._00020430_0000_0000_C000_000000000046_0_2_0: No module named 'comtypes.gen._00020430_0000_0000_C000_000000000046_0_2_0'
INFO:comtypes.client._generate:# Generating comtypes.gen._00020430_0000_0000_C000_000000000046_0_2_0
INFO:comtypes.client._generate:# Generating comtypes.gen.stdole
INFO:comtypes.client._code_cache:Imported existing <module 'comtypes.gen' from 'C:\\Users\\troy_\\Desktop\\ReadFilesForBlind\\mailreader\\venv\\Lib\\site-packages\\comtypes\\gen\\__init__.py'>
INFO:comtypes.client._code_cache:Using writeable comtypes cache directory: 'C:\Users\troy_\Desktop\ReadFilesForBlind\mailreader\venv\Lib\site-packages\comtypes\gen'
INFO:root:Reading PDF: C:/Users/troy_/Documents/chase1098-2023-list.pdf
INFO:root:Summarizing text.
ERROR:root:Error during summarization: CUDA error: device-side assert triggered
CUDA kernel errors might be asynchronously reported at some other API call, so the stacktrace below might be incorrect.
For debugging consider passing CUDA_LAUNCH_BLOCKING=1
Compile with `TORCH_USE_CUDA_DSA` to enable device-side assertions.

ERROR:root:Error processing file: CUDA error: device-side assert triggered
CUDA kernel errors might be asynchronously reported at some other API call, so the stacktrace below might be incorrect.
For debugging consider passing CUDA_LAUNCH_BLOCKING=1
Compile with `TORCH_USE_CUDA_DSA` to enable device-side assertions.

INFO:comtypes.client._code_cache:Imported existing <module 'comtypes.gen' from 'C:\\Users\\troy_\\Desktop\\ReadFilesForBlind\\mailreader\\venv\\Lib\\site-packages\\comtypes\\gen\\__init__.py'>
INFO:comtypes.client._code_cache:Using writeable comtypes cache directory: 'C:\Users\troy_\Desktop\ReadFilesForBlind\mailreader\venv\Lib\site-packages\comtypes\gen'
INFO:root:Reading PDF: C:/Users/troy_/Documents/Troy_Thomas_Cover_Letter.pdf
INFO:root:Summarizing text.
INFO:root:Reading text aloud.
INFO:root:Reading PDF: C:/Users/troy_/Documents/chase1098-2023-list.pdf
INFO:root:Summarizing text.
ERROR:root:Error during summarization: CUDA error: device-side assert triggered
Compile with `TORCH_USE_CUDA_DSA` to enable device-side assertions.

ERROR:root:Error processing file: CUDA error: device-side assert triggered
Compile with `TORCH_USE_CUDA_DSA` to enable device-side assertions.

INFO:comtypes.client._code_cache:Imported existing <module 'comtypes.gen' from 'C:\\Users\\troy_\\Desktop\\ReadFilesForBlind\\mailreader\\venv\\Lib\\site-packages\\comtypes\\gen\\__init__.py'>
INFO:comtypes.client._code_cache:Using writeable comtypes cache directory: 'C:\Users\troy_\Desktop\ReadFilesForBlind\mailreader\venv\Lib\site-packages\comtypes\gen'
INFO:comtypes.client._code_cache:Imported existing <module 'comtypes.gen' from 'C:\\Users\\troy_\\Desktop\\ReadFilesForBlind\\mailreader\\venv\\Lib\\site-packages\\comtypes\\gen\\__init__.py'>
INFO:comtypes.client._code_cache:Using writeable comtypes cache directory: 'C:\Users\troy_\Desktop\ReadFilesForBlind\mailreader\venv\Lib\site-packages\comtypes\gen'
ERROR:root:Error processing file: Extracted text from C:/Users/troy_/Documents/chase1098-2023-list.pdf is empty.
ERROR:root:Error processing file: Extracted text from C:/Users/troy_/Documents/Troy_Thomas_Cover_Letter.pdf is empty.
INFO:comtypes.client._code_cache:Imported existing <module 'comtypes.gen' from 'C:\\Users\\troy_\\Desktop\\ReadFilesForBlind\\mailreader\\venv\\Lib\\site-packages\\comtypes\\gen\\__init__.py'>
INFO:comtypes.client._code_cache:Using writeable comtypes cache directory: 'C:\Users\troy_\Desktop\ReadFilesForBlind\mailreader\venv\Lib\site-packages\comtypes\gen'
INFO:root:Processing file: C:/Users/troy_/Documents/Troy_Thomas_Cover_Letter.pdf
INFO:root:Reading text aloud.
INFO:root:Processing file: C:/Users/troy_/Documents/chase1098-2023-list.pdf
ERROR:root:Error processing file: CUDA error: device-side assert triggered
Compile with `TORCH_USE_CUDA_DSA` to enable device-side assertions.

INFO:comtypes.client._code_cache:Imported existing <module 'comtypes.gen' from 'C:\\Users\\troy_\\Desktop\\ReadFilesForBlind\\mailreader\\venv\\Lib\\site-packages\\comtypes\\gen\\__init__.py'>
INFO:comtypes.client._code_cache:Using writeable comtypes cache directory: 'C:\Users\troy_\Desktop\ReadFilesForBlind\mailreader\venv\Lib\site-packages\comtypes\gen'
INFO:root:Processing file: C:/Users/troy_/Documents/chase1098-2023-list.pdf
ERROR:root:Error processing file: CUDA error: device-side assert triggered
Compile with `TORCH_USE_CUDA_DSA` to enable device-side assertions.

INFO:root:Processing file: C:/Users/troy_/Documents/Troy_Thomas_Resume_06112024.pdf
ERROR:root:Error processing file: CUDA error: device-side assert triggered
Compile with `TORCH_USE_CUDA_DSA` to enable device-side assertions.

INFO:root:Processing file: C:/Users/troy_/Documents/LillaDoctorspaperwork.pdf
ERROR:root:Error processing file: tesseract is not installed or it's not in your PATH. See README file for more information.
INFO:comtypes.client._code_cache:Imported existing <module 'comtypes.gen' from 'C:\\Users\\troy_\\Desktop\\ReadFilesForBlind\\mailreader\\venv\\Lib\\site-packages\\comtypes\\gen\\__init__.py'>
INFO:comtypes.client._code_cache:Using writeable comtypes cache directory: 'C:\Users\troy_\Desktop\ReadFilesForBlind\mailreader\venv\Lib\site-packages\comtypes\gen'
INFO:root:Processing file: C:/Users/troy_/Documents/chase1098-2023-list.pdf
ERROR:root:Error processing file: CUDA error: device-side assert triggered
Compile with `TORCH_USE_CUDA_DSA` to enable device-side assertions.

INFO:root:Processing file: C:/Users/troy_/Documents/Troy_Thomas_Cover_Letter.pdf
ERROR:root:Error processing file: CUDA error: device-side assert triggered
Compile with `TORCH_USE_CUDA_DSA` to enable device-side assertions.

INFO:comtypes.client._code_cache:Imported existing <module 'comtypes.gen' from 'C:\\Users\\troy_\\Desktop\\ReadFilesForBlind\\mailreader\\venv\\Lib\\site-packages\\comtypes\\gen\\__init__.py'>
INFO:comtypes.client._code_cache:Using writeable comtypes cache directory: 'C:\Users\troy_\Desktop\ReadFilesForBlind\mailreader\venv\Lib\site-packages\comtypes\gen'
INFO:root:Processing file: C:/Users/troy_/Documents/Troy_Thomas_Cover_Letter.pdf
INFO:root:Reading text aloud.
INFO:root:Processing file: C:/Users/troy_/Documents/Troy_Thomas_06102024.pdf
INFO:root:Reading text aloud.
INFO:comtypes.client._code_cache:Imported existing <module 'comtypes.gen' from 'C:\\Users\\troy_\\Desktop\\ReadFilesForBlind\\mailreader\\venv\\Lib\\site-packages\\comtypes\\gen\\__init__.py'>
INFO:comtypes.client._code_cache:Using writeable comtypes cache directory: 'C:\Users\troy_\Desktop\ReadFilesForBlind\mailreader\venv\Lib\site-packages\comtypes\gen'
INFO:root:Processing file: C:/Users/troy_/Documents/cp2000IRSPaid.pdf
INFO:root:Reading text aloud.
INFO:root:Processing file: C:/Users/troy_/Documents/Troy_Thomas_Cover_Letter.pdf
INFO:root:Reading text aloud.
INFO:root:Processing file: C:/Users/troy_/Documents/Troy_Thomas_Resume_06112024.pdf
INFO:root:Reading text aloud.
INFO:comtypes.client._code_cache:Imported existing <module 'comtypes.gen' from 'C:\\Users\\troy_\\Desktop\\ReadFilesForBlind\\mailreader\\venv\\Lib\\site-packages\\comtypes\\gen\\__init__.py'>
INFO:comtypes.client._code_cache:Using writeable comtypes cache directory: 'C:\Users\troy_\Desktop\ReadFilesForBlind\mailreader\venv\Lib\site-packages\comtypes\gen'
INFO:root:Processing file: C:/Users/troy_/Documents/Troy_Thomas_Cover_Letter.pdf
INFO:root:Reading text aloud.
INFO:root:Processing file: C:/Users/troy_/Documents/chase1098-2023-list.pdf
ERROR:root:Error processing file: CUDA error: device-side assert triggered
Compile with `TORCH_USE_CUDA_DSA` to enable device-side assertions.

INFO:comtypes.client._code_cache:Imported existing <module 'comtypes.gen' from 'C:\\Users\\troy_\\Desktop\\ReadFilesForBlind\\mailreader\\venv\\Lib\\site-packages\\comtypes\\gen\\__init__.py'>
INFO:comtypes.client._code_cache:Using writeable comtypes cache directory: 'C:\Users\troy_\Desktop\ReadFilesForBlind\mailreader\venv\Lib\site-packages\comtypes\gen'
INFO:root:Processing file: C:/Users/troy_/Documents/chase1098-2023-list.pdf
ERROR:root:Error processing file: CUDA error: device-side assert triggered
Compile with `TORCH_USE_CUDA_DSA` to enable device-side assertions.

INFO:comtypes.client._code_cache:Imported existing <module 'comtypes.gen' from 'C:\\Users\\troy_\\Desktop\\ReadFilesForBlind\\mailreader\\venv\\Lib\\site-packages\\comtypes\\gen\\__init__.py'>
INFO:comtypes.client._code_cache:Using writeable comtypes cache directory: 'C:\Users\troy_\Desktop\ReadFilesForBlind\mailreader\venv\Lib\site-packages\comtypes\gen'
INFO:comtypes.client._code_cache:Imported existing <module 'comtypes.gen' from 'C:\\Users\\troy_\\Desktop\\ReadFilesForBlind\\mailreader\\venv\\Lib\\site-packages\\comtypes\\gen\\__init__.py'>
INFO:comtypes.client._code_cache:Using writeable comtypes cache directory: 'C:\Users\troy_\Desktop\ReadFilesForBlind\mailreader\venv\Lib\site-packages\comtypes\gen'
INFO:root:Processing file: C:/Users/troy_/Documents/Troy_Thomas_Cover_Letter.pdf
INFO:root:Reading text aloud.
INFO:root:Processing file: C:/Users/troy_/Documents/chase1098-2023-list.pdf
ERROR:root:Error processing file: CUDA error: device-side assert triggered
Compile with `TORCH_USE_CUDA_DSA` to enable device-side assertions.

INFO:comtypes.client._code_cache:Imported existing <module 'comtypes.gen' from 'C:\\Users\\troy_\\Desktop\\ReadFilesForBlind\\mailreader\\venv\\Lib\\site-packages\\comtypes\\gen\\__init__.py'>
INFO:comtypes.client._code_cache:Using writeable comtypes cache directory: 'C:\Users\troy_\Desktop\ReadFilesForBlind\mailreader\venv\Lib\site-packages\comtypes\gen'
INFO:root:Processing file: C:/Users/troy_/Documents/Troy_Thomas_Cover_Letter.pdf
INFO:root:Summarizing text.
INFO:root:Reading text aloud.
INFO:root:Processing file: C:/Users/troy_/Documents/chase1098-2023-list.pdf
INFO:root:Summarizing text.
INFO:root:Reading text aloud.
INFO:comtypes.client._code_cache:Imported existing <module 'comtypes.gen' from 'C:\\Users\\troy_\\Desktop\\ReadFilesForBlind\\mailreader\\venv\\Lib\\site-packages\\comtypes\\gen\\__init__.py'>
INFO:comtypes.client._code_cache:Using writeable comtypes cache directory: 'C:\Users\troy_\Desktop\ReadFilesForBlind\mailreader\venv\Lib\site-packages\comtypes\gen'
INFO:root:Processing file: C:/Users/troy_/Documents/WorkSearchRecord.pdf
INFO:root:Summarizing text.
INFO:root:Reading text aloud.
INFO:comtypes.client._code_cache:Imported existing <module 'comtypes.gen' from 'C:\\Users\\troy_\\Desktop\\ReadFilesForBlind\\mailreader\\venv\\Lib\\site-packages\\comtypes\\gen\\__init__.py'>
INFO:comtypes.client._code_cache:Using writeable comtypes cache directory: 'C:\Users\troy_\Desktop\ReadFilesForBlind\mailreader\venv\Lib\site-packages\comtypes\gen'
INFO:root:Processing file: C:/Users/troy_/Documents/chase1098-2023-list.pdf
INFO:root:Reading text aloud.
INFO:comtypes.client._code_cache:Imported existing <module 'comtypes.gen' from 'C:\\Users\\troy_\\Desktop\\ReadFilesForBlind\\mailreader\\venv\\Lib\\site-packages\\comtypes\\gen\\__init__.py'>
INFO:comtypes.client._code_cache:Using writeable comtypes cache directory: 'C:\Users\troy_\Desktop\ReadFilesForBlind\mailreader\venv\Lib\site-packages\comtypes\gen'
INFO:root:Processing file: C:/Users/troy_/Documents/chase1098-2023-list.pdf
INFO:root:Processing file: C:/Users/troy_/Documents/chase1098-2023-list.pdf
INFO:root:Processing file: C:/Users/troy_/Documents/Troy_Thomas_06102024.pdf
INFO:root:Processing file: C:/Users/troy_/Documents/Troy_Thomas_Resume_06112024.pdf
INFO:root:Processing file: C:/Users/troy_/Documents/chase1098-2023-list.pdf
INFO:root:Processing file: C:/Users/troy_/Documents/chase1098-2023-list.pdf
INFO:root:Processing file: C:/Users/troy_/Documents/Troy_Thomas_Cover_Letter.pdf
INFO:root:Processing file: C:/Users/troy_/Documents/Troy_Thomas_Cover_Letter.pdf
INFO:root:Processing file: C:/Users/troy_/Documents/Troy_Thomas_Resume_06112024.pdf
INFO:root:Processing file: C:/Users/troy_/Documents/Troy_Thomas_Resume_06112024.pdf
INFO:root:Processing file: C:/Users/troy_/Documents/Troy_Thomas_Cover_Letter.pdf
INFO:root:Processing file: C:/Users/troy_/Documents/Troy_Thomas_Cover_Letter.pdf
INFO:root:Processing file: C:/Users/troy_/Documents/Troy_Thomas_Cover_Letter.pdf
INFO:root:Processing file: C:/Users/troy_/Documents/Troy_Thomas_06102024.pdf
INFO:root:Processing file: C:/Users/troy_/Documents/Troy Thomas_3-6-24-Resume.pdf
INFO:root:Processing file: C:/Users/troy_/Documents/Troy_Thomas_Cover_Letter.pdf
INFO:root:Processing file: C:/Users/troy_/Documents/Troy Thomas_3-6-24-Resume.pdf
INFO:root:Processing file: C:/Users/troy_/Documents/Troy_Thomas_Resume_06112024.pdf
INFO:root:Processing file: C:/Users/troy_/Documents/Troy_Thomas_Cover_Letter.pdf
INFO:root:Processing file: C:/Users/troy_/Documents/Troy_Thomas_06102024.pdf
INFO:root:Processing file: C:/Users/troy_/Documents/Troy_Thomas_Resume_06112024.pdf
INFO:root:Processing file: C:/Users/troy_/Documents/Troy_Thomas_06102024.pdf
INFO:root:Processing file: C:/Users/troy_/Documents/LillaDoctorspaperwork.pdf
INFO:root:Processing file: C:/Users/troy_/Documents/LillaDoctorspaperwork.pdf
INFO:root:Processing file: C:/Users/troy_/Documents/Troy_Thomas_Resume_06112024.pdf
INFO:root:Reading text aloud.
INFO:root:Processing file: C:/Users/troy_/Documents/Troy_Thomas_06102024.pdf
INFO:root:Reading text aloud.
INFO:root:Processing file: C:/Users/troy_/Documents/Troy_Thomas_Resume_06112024.pdf
INFO:root:Reading text aloud.
INFO:root:Reading text aloud.
INFO:root:Reading text aloud.
INFO:root:Reading text aloud.
INFO:root:Processing file: C:/Users/troy_/Documents/Troy_Thomas_Resume_06112024.pdf
INFO:root:Reading text aloud.
INFO:root:Reading text aloud.
INFO:root:Reading text aloud.
INFO:root:Processing file: C:/Users/troy_/Documents/Troy_Thomas_Resume_06112024.pdf
INFO:root:Reading text aloud.
INFO:root:Reading text aloud.
INFO:root:Processing file: C:/Users/troy_/Documents/Troy_Thomas_Resume_06112024.pdf
INFO:root:Reading text aloud.
INFO:root:Processing file: C:/Users/troy_/Documents/Troy_Thomas_Resume_06112024.pdf
INFO:root:Reading text aloud.
INFO:root:Processing file: C:/Users/troy_/Documents/Troy_Thomas_Resume_06112024.pdf
INFO:root:Reading text aloud.
ERROR:root:RuntimeError during announce_pause_message: run loop already started
INFO:root:Processing file: C:/Users/troy_/Documents/Troy_Thomas_06102024.pdf
INFO:root:Reading text aloud.
INFO:root:Reading text aloud.
ERROR:root:RuntimeError during announce_pause_message: run loop already started
INFO:root:Reading text aloud.
INFO:root:Reading text aloud.
INFO:root:Reading text aloud.
INFO:root:Reading text aloud.
INFO:root:Reading text aloud.
INFO:root:Reading text aloud.
INFO:root:Reading text aloud.
INFO:root:Reading text aloud.
INFO:root:Reading text aloud.
ERROR:root:RuntimeError during announce_pause_message: run loop already started
INFO:root:Reading text aloud.
INFO:root:Reading text aloud.
INFO:root:Reading text aloud.
INFO:root:Reading text aloud.
INFO:root:Reading text aloud.
INFO:root:Reading text aloud.
INFO:root:Reading text aloud.
INFO:root:Reading text aloud.
INFO:root:Reading text aloud.
INFO:root:Reading text aloud.
INFO:root:Reading text aloud.
INFO:root:Reading text aloud.
INFO:root:Reading text aloud.
INFO:root:Reading text aloud.
INFO:root:Reading text aloud.
INFO:root:Reading text aloud.
INFO:root:Reading text aloud.
INFO:root:Reading text aloud.
INFO:root:Reading text aloud.
INFO:root:Reading text aloud.
INFO:root:Reading text aloud.
INFO:root:Reading text aloud.
INFO:root:Reading text aloud.
INFO:root:Reading text aloud.
INFO:root:Reading text aloud.
INFO:root:Reading text aloud.
INFO:root:Reading text aloud.
INFO:root:Reading text aloud.
INFO:root:Reading text aloud.
INFO:root:Reading text aloud.
INFO:root:Reading text aloud.
INFO:root:Reading text aloud.
INFO:root:Reading text aloud.
INFO:root:Reading text aloud.
INFO:root:Reading text aloud.
INFO:root:Reading text aloud.
INFO:root:Reading text aloud.
INFO:root:Reading text aloud.
INFO:root:Reading text aloud.
INFO:root:Reading text aloud.
INFO:root:Reading text aloud.
INFO:root:Reading text aloud.
INFO:root:Reading text aloud.
INFO:root:Reading text aloud.
INFO:root:Reading text aloud.
INFO:root:Reading text aloud.
INFO:root:Reading text aloud.
INFO:root:Reading text aloud.
INFO:root:Reading text aloud.
INFO:root:Reading text aloud.
INFO:root:Reading text aloud.
INFO:root:Reading text aloud.
INFO:root:Reading text aloud.
INFO:root:Reading text aloud.
INFO:root:Reading text aloud.
INFO:root:Reading text aloud.
INFO:root:Reading text aloud.
INFO:root:Reading text aloud.
INFO:root:Reading text aloud.
INFO:root:Reading text aloud.
INFO:root:Reading text aloud.
INFO:root:Reading text aloud.
INFO:root:Reading text aloud.
INFO:root:Reading text aloud.
INFO:root:Reading text aloud.
INFO:root:Reading text aloud.
INFO:root:Reading text aloud.
INFO:root:Reading text aloud.
INFO:root:Reading text aloud.
INFO:root:Reading text aloud.
INFO:root:Reading text aloud.
ERROR:root:RuntimeError during announce_pause_message: run loop already started
INFO:root:Reading text aloud.
INFO:root:Reading text aloud.
INFO:root:Reading text aloud.
INFO:root:Reading text aloud.
INFO:root:Reading text aloud.
INFO:root:Reading text aloud.
INFO:root:Reading text aloud.
INFO:root:Reading text aloud.
INFO:root:Reading text aloud.
INFO:root:Reading text aloud.
INFO:root:Reading text aloud.
INFO:root:Reading text aloud.
INFO:root:Reading text aloud.
INFO:root:Reading text aloud.
INFO:root:Reading text aloud.
INFO:root:Reading text aloud.
INFO:root:Reading text aloud.
INFO:root:Reading text aloud.
INFO:root:Reading text aloud.
INFO:root:Reading text aloud.
INFO:root:Reading text aloud.
INFO:root:Reading text aloud.
INFO:root:Reading text aloud.
INFO:root:Reading text aloud.
INFO:root:Reading text aloud.
INFO:root:Reading text aloud.
INFO:root:Reading text aloud.
INFO:root:Reading text aloud.
INFO:root:Reading text aloud.
INFO:root:Reading text aloud.
INFO:root:Reading text aloud.
INFO:root:Reading text aloud.
INFO:root:Reading text aloud.
INFO:root:Reading text aloud.
INFO:root:Reading text aloud.
INFO:root:Reading text aloud.
INFO:root:Reading text aloud.
INFO:root:Reading text aloud.
INFO:root:Reading text aloud.
INFO:root:Reading text aloud.
INFO:root:Reading text aloud.
INFO:root:Reading text aloud.
INFO:root:Reading text aloud.
INFO:root:Reading text aloud.
INFO:root:Reading text aloud.
INFO:root:Reading text aloud.
INFO:root:Reading text aloud.
INFO:root:Reading text aloud.
INFO:root:Reading text aloud.
INFO:root:Reading text aloud.
INFO:root:Reading text aloud.
INFO:root:Reading text aloud.
INFO:root:Reading text aloud.
INFO:root:Reading text aloud.
INFO:root:Reading text aloud.
INFO:root:Reading text aloud.
INFO:root:Reading text aloud.
INFO:root:Reading text aloud.
INFO:root:Reading text aloud.
INFO:root:Reading text aloud.
INFO:root:Reading text aloud.
INFO:root:Reading text aloud.
INFO:root:Reading text aloud.
INFO:root:Reading text aloud.
INFO:root:Reading text aloud.
INFO:root:Reading text aloud.
INFO:root:Reading text aloud.
INFO:root:Reading text aloud.
INFO:root:Reading text aloud.
INFO:root:Reading text aloud.
INFO:root:Reading text aloud.
INFO:root:Reading text aloud.
INFO:root:Reading text aloud.
INFO:root:Reading text aloud.
INFO:root:Reading aloud from position 0.
INFO:root:Playback paused.
INFO:root:Resuming playback.
INFO:root:Reading aloud from position 0.
INFO:root:Reading aloud from position 0.
INFO:root:Playback paused.
INFO:root:Resuming playback.
INFO:root:Playback paused.
INFO:root:Playback paused.
INFO:root:Resuming playback.
INFO:root:Playback paused.
